<?xml version="1.0" encoding="UTF-8"?>
<testng-results ignored="0" total="1" passed="1" failed="0" skipped="0">
  <reporter-output>
  </reporter-output>
  <suite started-at="2024-10-10T09:13:28 IST" name="Default suite" finished-at="2024-10-10T09:14:02 IST" duration-ms="33964">
    <groups>
    </groups>
    <test started-at="2024-10-10T09:13:28 IST" name="Default test" finished-at="2024-10-10T09:14:02 IST" duration-ms="33964">
      <class name="pk_MyNotes.Create_Notes_Delete_Notes_Before">
        <test-method is-config="true" signature="Login()[pri:0, instance:pk_MyNotes.Create_Notes_Delete_Notes_Before@1a4013]" started-at="2024-10-10T09:13:28 IST" name="Login" finished-at="2024-10-10T09:14:02 IST" duration-ms="33501" status="PASS">
          <reporter-output>
          </reporter-output>
        </test-method> <!-- Login -->
        <test-method signature="createNotes()[pri:0, instance:pk_MyNotes.Create_Notes_Delete_Notes_Before@1a4013]" started-at="2024-10-10T09:14:02 IST" name="createNotes" finished-at="2024-10-10T09:14:02 IST" duration-ms="440" status="PASS">
          <reporter-output>
          </reporter-output>
        </test-method> <!-- createNotes -->
      </class> <!-- pk_MyNotes.Create_Notes_Delete_Notes_Before -->
    </test> <!-- Default test -->
  </suite> <!-- Default suite -->
</testng-results>
